1699805742156:sasasa
1699806166698:dsadasdas
1699806220877:njnjnjk
1699806649518:1234
1699807318561:dasdas
1699808142186:vvdfvdf
1699808182410:gfdgdf
1699808197336:processInput
1699808309406:help
1699808330951:process-input: processInput
1699808385083:process-input arg1 arg2 arg3
1699808471903:process-input a
1699808477006:f d
1699808553211:echo ddd
1699808564193:echo Hello World!
1699808579513:echo dd dd
1699808599856:echo Hello World!
1699808637635:echo "Hello World!"
1699808695609:cmd sss
1699808710697:shell sadsadasdas
1699808808660:cmd dsd dsd ss12121
1699809055122:dsadas dasdasdas
1699809071960:anything you want
1699809324168:dsad asd
1699809335950:anything you want
1699809417656:exec sasa sasa
1699809439817:exec dasd dsds
1699809469991:exec ds 11 dd
1699809485582:exec ls -al
1699809601310:exec "sdsd dsd"
1699809632088:exec dd 22 44
1699809839075:processInput word1 word2 word3
1699809867806:processInput word1
1699809916408:exec w1 w2 w3
1699810043671:echo 12 33 44
1699810151679:echo "Dsds dsd ddsds"
1699810185637:echo 11 22 33
1699810196812:echo "11 22 33"
1699810318613:ecec 11 22 33
1699810326756:exec 11 22 33
1699810403860:exec 1 2 3
1699810413691:exec dsds dsd
1699810433875:echo 1 2 3
1699810599511:exec this\\ ss\\\ns
1699810614487:echo this\\ ss\\\ndfs
1699810880797:exec ls\\ -al\\ ii
1699811845425:exec ddd
1699814390311:exec dir
1699884037659:exec ls
1699885017416:exec cli
1699885385697:exec ls
1699886191855:exec dir
1699887521276:exec "dir -w"
1699887547019:exec "dir /w"
1699887554251:exec dir
1699887581683:exec "dir /w"
1699887601770:exec dir
1699892818941:ece
1699892823550:exec dir
1699895198932:ecec dir
1699895211847:exec dir
1699897943850:exec ls
1699898168860:exec dir
1699899926437:exec ls
1699900083653:exec pwd
1699900095860:exec ls
1699900107422:exec ll
1699900115850:exec "ls -al"
1699900227629:exec cd..
1699900234387:exec ls
1700402925804:dev dir
1700403567637:dev h
1700403603356:test dir
1700403630552:prod dir
1700403851780:dev h
1700403943796:dev dir
1700404107034:dev cd
1700404124883:dev h
1700404170666:dev "h 1"
1700406114006:dev dir
1700406130170:dev h
1700406152112:dev "h 1"
1700464903932:dir
1700464938671:dev dir
1700464965634:test dir
1700464992003:prod ls
1700465006360:dev h
1700465052787:dev ls
1700465072360:\\dev h
1700465110211:dev "h 2"
1700465130590:dev h
1700494787645:dev dir
1700494802427:dev ls
1700494936410:dev dir
1700495271534:dev ls
1700495305070:dev dir
